<?xml version="1.0" encoding="UTF-8"?>
<!-- Generated by org.testng.reporters.JUnitReportReporter -->
<testsuite hostname="Minas-MacBook-Pro.local" name="unittesting.testng.beforeafter.TestNGConfiguration" tests="2" failures="0" timestamp="14 Oct 2019 15:24:12 GMT" time="0.006" errors="0">
  <testcase name="runTest1" time="0.004" classname="unittesting.testng.beforeafter.TestNGConfiguration"/>
  <testcase name="runTest2" time="0.002" classname="unittesting.testng.beforeafter.TestNGConfiguration"/>
</testsuite> <!-- unittesting.testng.beforeafter.TestNGConfiguration -->
