<?xml version="1.0" encoding="UTF-8"?>
<!-- Generated by org.testng.reporters.JUnitReportReporter -->
<testsuite hostname="Minas-MacBook-Pro.local" name="unittesting.mock.LoginServiceTest" tests="2" failures="0" timestamp="14 Oct 2019 15:41:37 GMT" time="0.015" errors="0">
  <testcase name="loginBasicFalse" time="0.001" classname="unittesting.mock.LoginServiceTest"/>
  <testcase name="loginBasic" time="0.014" classname="unittesting.mock.LoginServiceTest"/>
</testsuite> <!-- unittesting.mock.LoginServiceTest -->
