<?xml version="1.0" encoding="UTF-8"?>
<!-- Generated by org.testng.reporters.JUnitReportReporter -->
<testsuite hostname="Minas-MacBook-Pro.local" name="unittesting.mock.SpyTest" tests="2" failures="0" timestamp="14 Oct 2019 15:41:37 GMT" time="0.431" errors="0">
  <testcase name="SpyTest" time="0.407" classname="unittesting.mock.SpyTest"/>
  <testcase name="testCallMethodThatIsNotMocked" time="0.024" classname="unittesting.mock.SpyTest"/>
</testsuite> <!-- unittesting.mock.SpyTest -->
