<?xml version="1.0" encoding="UTF-8"?>
<!-- Generated by org.testng.reporters.JUnitReportReporter -->
<testsuite hostname="Minas-MacBook-Pro.local" name="unittesting.mock.MockitoVerify" tests="3" failures="0" timestamp="14 Oct 2019 15:41:37 GMT" time="0.012" errors="0">
  <testcase name="testVerify" time="0.007" classname="unittesting.mock.MockitoVerify"/>
  <testcase name="testVerifyInOrder" time="0.004" classname="unittesting.mock.MockitoVerify"/>
  <testcase name="testVerifyNoMoreInteractions" time="0.001" classname="unittesting.mock.MockitoVerify"/>
</testsuite> <!-- unittesting.mock.MockitoVerify -->
