<?xml version="1.0" encoding="UTF-8"?>
<!-- Generated by org.testng.reporters.JUnitReportReporter -->
<testsuite hostname="Minas-MacBook-Pro.local" name="unittesting.parcijalni.SmartHouseTest" tests="5" failures="0" timestamp="14 Oct 2019 15:29:47 GMT" time="0.253" errors="0">
  <testcase name="testEvening" time="0.012" classname="unittesting.parcijalni.SmartHouseTest"/>
  <testcase name="testNight" time="0.001" classname="unittesting.parcijalni.SmartHouseTest"/>
  <testcase name="testMorning" time="0.002" classname="unittesting.parcijalni.SmartHouseTest"/>
  <testcase name="testException" time="0.237" classname="unittesting.parcijalni.SmartHouseTest"/>
  <testcase name="testNoon" time="0.001" classname="unittesting.parcijalni.SmartHouseTest"/>
</testsuite> <!-- unittesting.parcijalni.SmartHouseTest -->
